<?xml version="1.0" encoding="UTF-8"?>
<!-- Generated by org.testng.reporters.JUnitReportReporter -->
<testsuite skipped="0" hostname="Santhoshs-MacBook-Pro.local" name="NowOrNever.CompleteSelenium.FBDropdown2" tests="1" failures="1" timestamp="12 Mar 2018 06:44:46 GMT" time="13.109" errors="0">
  <testcase name="FBDropdownmonth" time="13.109" classname="NowOrNever.CompleteSelenium.FBDropdown2">
    <failure type="java.lang.AssertionError" message="expected [[Jan, Feb, Mar, Apr, May, Jun, Jul, Aug, Sep, Oct, Nov, Dec]] but found [[[[[[FirefoxDriver: firefox on MAC (bc0c69de-6109-544e-985b-b2e3a92aa976)] -&gt; id: month]] -&gt; tag name: option], [[[[FirefoxDriver: firefox on MAC (bc0c69de-6109-544e-985b-b2e3a92aa976)] -&gt; id: month]] -&gt; tag name: option], [[[[FirefoxDriver: firefox on MAC (bc0c69de-6109-544e-985b-b2e3a92aa976)] -&gt; id: month]] -&gt; tag name: option], [[[[FirefoxDriver: firefox on MAC (bc0c69de-6109-544e-985b-b2e3a92aa976)] -&gt; id: month]] -&gt; tag name: option], [[[[FirefoxDriver: firefox on MAC (bc0c69de-6109-544e-985b-b2e3a92aa976)] -&gt; id: month]] -&gt; tag name: option], [[[[FirefoxDriver: firefox on MAC (bc0c69de-6109-544e-985b-b2e3a92aa976)] -&gt; id: month]] -&gt; tag name: option], [[[[FirefoxDriver: firefox on MAC (bc0c69de-6109-544e-985b-b2e3a92aa976)] -&gt; id: month]] -&gt; tag name: option], [[[[FirefoxDriver: firefox on MAC (bc0c69de-6109-544e-985b-b2e3a92aa976)] -&gt; id: month]] -&gt; tag name: option], [[[[FirefoxDriver: firefox on MAC (bc0c69de-6109-544e-985b-b2e3a92aa976)] -&gt; id: month]] -&gt; tag name: option], [[[[FirefoxDriver: firefox on MAC (bc0c69de-6109-544e-985b-b2e3a92aa976)] -&gt; id: month]] -&gt; tag name: option], [[[[FirefoxDriver: firefox on MAC (bc0c69de-6109-544e-985b-b2e3a92aa976)] -&gt; id: month]] -&gt; tag name: option], [[[[FirefoxDriver: firefox on MAC (bc0c69de-6109-544e-985b-b2e3a92aa976)] -&gt; id: month]] -&gt; tag name: option], [[[[FirefoxDriver: firefox on MAC (bc0c69de-6109-544e-985b-b2e3a92aa976)] -&gt; id: month]] -&gt; tag name: option]]]">
      <![CDATA[java.lang.AssertionError: expected [[Jan, Feb, Mar, Apr, May, Jun, Jul, Aug, Sep, Oct, Nov, Dec]] but found [[[[[[FirefoxDriver: firefox on MAC (bc0c69de-6109-544e-985b-b2e3a92aa976)] -> id: month]] -> tag name: option], [[[[FirefoxDriver: firefox on MAC (bc0c69de-6109-544e-985b-b2e3a92aa976)] -> id: month]] -> tag name: option], [[[[FirefoxDriver: firefox on MAC (bc0c69de-6109-544e-985b-b2e3a92aa976)] -> id: month]] -> tag name: option], [[[[FirefoxDriver: firefox on MAC (bc0c69de-6109-544e-985b-b2e3a92aa976)] -> id: month]] -> tag name: option], [[[[FirefoxDriver: firefox on MAC (bc0c69de-6109-544e-985b-b2e3a92aa976)] -> id: month]] -> tag name: option], [[[[FirefoxDriver: firefox on MAC (bc0c69de-6109-544e-985b-b2e3a92aa976)] -> id: month]] -> tag name: option], [[[[FirefoxDriver: firefox on MAC (bc0c69de-6109-544e-985b-b2e3a92aa976)] -> id: month]] -> tag name: option], [[[[FirefoxDriver: firefox on MAC (bc0c69de-6109-544e-985b-b2e3a92aa976)] -> id: month]] -> tag name: option], [[[[FirefoxDriver: firefox on MAC (bc0c69de-6109-544e-985b-b2e3a92aa976)] -> id: month]] -> tag name: option], [[[[FirefoxDriver: firefox on MAC (bc0c69de-6109-544e-985b-b2e3a92aa976)] -> id: month]] -> tag name: option], [[[[FirefoxDriver: firefox on MAC (bc0c69de-6109-544e-985b-b2e3a92aa976)] -> id: month]] -> tag name: option], [[[[FirefoxDriver: firefox on MAC (bc0c69de-6109-544e-985b-b2e3a92aa976)] -> id: month]] -> tag name: option], [[[[FirefoxDriver: firefox on MAC (bc0c69de-6109-544e-985b-b2e3a92aa976)] -> id: month]] -> tag name: option]]]at org.testng.Assert.fail(Assert.java:96)at org.testng.Assert.failNotSame(Assert.java:772)at org.testng.Assert.assertSame(Assert.java:723)at org.testng.Assert.assertSame(Assert.java:733)at NowOrNever.CompleteSelenium.FBDropdown2.FBDropdownmonth(FBDropdown2.java:54)at sun.reflect.NativeMethodAccessorImpl.invoke0(Native Method)at sun.reflect.NativeMethodAccessorImpl.invoke(NativeMethodAccessorImpl.java:62)at sun.reflect.DelegatingMethodAccessorImpl.invoke(DelegatingMethodAccessorImpl.java:43)at java.lang.reflect.Method.invoke(Method.java:498)at org.testng.internal.MethodInvocationHelper.invokeMethod(MethodInvocationHelper.java:124)at org.testng.internal.Invoker.invokeMethod(Invoker.java:571)at org.testng.internal.Invoker.invokeTestMethod(Invoker.java:707)at org.testng.internal.Invoker.invokeTestMethods(Invoker.java:979)at org.testng.internal.TestMethodWorker.invokeTestMethods(TestMethodWorker.java:125)at org.testng.internal.TestMethodWorker.run(TestMethodWorker.java:109)at org.testng.TestRunner.privateRun(TestRunner.java:648)at org.testng.TestRunner.run(TestRunner.java:505)at org.testng.SuiteRunner.runTest(SuiteRunner.java:455)at org.testng.SuiteRunner.runSequentially(SuiteRunner.java:450)at org.testng.SuiteRunner.privateRun(SuiteRunner.java:415)at org.testng.SuiteRunner.run(SuiteRunner.java:364)at org.testng.SuiteRunnerWorker.runSuite(SuiteRunnerWorker.java:52)at org.testng.SuiteRunnerWorker.run(SuiteRunnerWorker.java:84)at org.testng.TestNG.runSuitesSequentially(TestNG.java:1187)at org.testng.TestNG.runSuitesLocally(TestNG.java:1116)at org.testng.TestNG.runSuites(TestNG.java:1028)at org.testng.TestNG.run(TestNG.java:996)at org.testng.remote.AbstractRemoteTestNG.run(AbstractRemoteTestNG.java:114)at org.testng.remote.RemoteTestNG.initAndRun(RemoteTestNG.java:251)at org.testng.remote.RemoteTestNG.main(RemoteTestNG.java:77)]]>
    </failure>
  </testcase> <!-- FBDropdownmonth -->
</testsuite> <!-- NowOrNever.CompleteSelenium.FBDropdown2 -->
